2022-11-09T19:35:36+00:00 CRITICAL Uncaught Error: Call to undefined function wpadminbar() in /home/borges/Local Sites/handel/app/public/wp-content/themes/handel/header.php:8
Stack trace:
#0 /home/borges/Local Sites/handel/app/public/wp-includes/template.php(770): require_once()
#1 /home/borges/Local Sites/handel/app/public/wp-includes/template.php(716): load_template('/home/borges/Lo...', true, Array)
#2 /home/borges/Local Sites/handel/app/public/wp-includes/general-template.php(48): locate_template(Array, true, true, Array)
#3 /home/borges/Local Sites/handel/app/public/wp-content/themes/handel/index.php(1): get_header()
#4 /home/borges/Local Sites/handel/app/public/wp-includes/template-loader.php(106): include('/home/borges/Lo...')
#5 /home/borges/Local Sites/handel/app/public/wp-blog-header.php(19): require_once('/home/borges/Lo...')
#6 /home/borges/Local Sites/handel/app/public/index.php(17): require('/home/borges/Lo...')
#7 {main}
  thrown, em /home/borges/Local Sites/handel/app/public/wp-content/themes/handel/header.php, na linha 8

2022-11-09T19:36:14+00:00 CRITICAL Uncaught Error: Call to undefined function wp_header() in /home/borges/Local Sites/handel/app/public/wp-content/themes/handel/header.php:8
Stack trace:
#0 /home/borges/Local Sites/handel/app/public/wp-includes/template.php(770): require_once()
#1 /home/borges/Local Sites/handel/app/public/wp-includes/template.php(716): load_template('/home/borges/Lo...', true, Array)
#2 /home/borges/Local Sites/handel/app/public/wp-includes/general-template.php(48): locate_template(Array, true, true, Array)
#3 /home/borges/Local Sites/handel/app/public/wp-content/themes/handel/index.php(1): get_header()
#4 /home/borges/Local Sites/handel/app/public/wp-includes/template-loader.php(106): include('/home/borges/Lo...')
#5 /home/borges/Local Sites/handel/app/public/wp-blog-header.php(19): require_once('/home/borges/Lo...')
#6 /home/borges/Local Sites/handel/app/public/index.php(17): require('/home/borges/Lo...')
#7 {main}
  thrown, em /home/borges/Local Sites/handel/app/public/wp-content/themes/handel/header.php, na linha 8

2022-11-09T19:51:06+00:00 CRITICAL Uncaught Error: Call to undefined function wp_toolbar() in /home/borges/Local Sites/handel/app/public/wp-content/themes/handel/header.php:8
Stack trace:
#0 /home/borges/Local Sites/handel/app/public/wp-includes/template.php(770): require_once()
#1 /home/borges/Local Sites/handel/app/public/wp-includes/template.php(716): load_template('/home/borges/Lo...', true, Array)
#2 /home/borges/Local Sites/handel/app/public/wp-includes/general-template.php(48): locate_template(Array, true, true, Array)
#3 /home/borges/Local Sites/handel/app/public/wp-content/themes/handel/index.php(1): get_header()
#4 /home/borges/Local Sites/handel/app/public/wp-includes/template-loader.php(106): include('/home/borges/Lo...')
#5 /home/borges/Local Sites/handel/app/public/wp-blog-header.php(19): require_once('/home/borges/Lo...')
#6 /home/borges/Local Sites/handel/app/public/index.php(17): require('/home/borges/Lo...')
#7 {main}
  thrown, em /home/borges/Local Sites/handel/app/public/wp-content/themes/handel/header.php, na linha 8

2022-11-09T19:51:21+00:00 CRITICAL Uncaught Error: Call to undefined function wp_tool() in /home/borges/Local Sites/handel/app/public/wp-content/themes/handel/header.php:8
Stack trace:
#0 /home/borges/Local Sites/handel/app/public/wp-includes/template.php(770): require_once()
#1 /home/borges/Local Sites/handel/app/public/wp-includes/template.php(716): load_template('/home/borges/Lo...', true, Array)
#2 /home/borges/Local Sites/handel/app/public/wp-includes/general-template.php(48): locate_template(Array, true, true, Array)
#3 /home/borges/Local Sites/handel/app/public/wp-content/themes/handel/index.php(1): get_header()
#4 /home/borges/Local Sites/handel/app/public/wp-includes/template-loader.php(106): include('/home/borges/Lo...')
#5 /home/borges/Local Sites/handel/app/public/wp-blog-header.php(19): require_once('/home/borges/Lo...')
#6 /home/borges/Local Sites/handel/app/public/index.php(17): require('/home/borges/Lo...')
#7 {main}
  thrown, em /home/borges/Local Sites/handel/app/public/wp-content/themes/handel/header.php, na linha 8

2022-11-09T19:51:32+00:00 CRITICAL Uncaught Error: Call to undefined function wp_bar() in /home/borges/Local Sites/handel/app/public/wp-content/themes/handel/header.php:8
Stack trace:
#0 /home/borges/Local Sites/handel/app/public/wp-includes/template.php(770): require_once()
#1 /home/borges/Local Sites/handel/app/public/wp-includes/template.php(716): load_template('/home/borges/Lo...', true, Array)
#2 /home/borges/Local Sites/handel/app/public/wp-includes/general-template.php(48): locate_template(Array, true, true, Array)
#3 /home/borges/Local Sites/handel/app/public/wp-content/themes/handel/index.php(1): get_header()
#4 /home/borges/Local Sites/handel/app/public/wp-includes/template-loader.php(106): include('/home/borges/Lo...')
#5 /home/borges/Local Sites/handel/app/public/wp-blog-header.php(19): require_once('/home/borges/Lo...')
#6 /home/borges/Local Sites/handel/app/public/index.php(17): require('/home/borges/Lo...')
#7 {main}
  thrown, em /home/borges/Local Sites/handel/app/public/wp-content/themes/handel/header.php, na linha 8

2022-11-09T19:51:54+00:00 CRITICAL Uncaught Error: Call to undefined function wp_heade() in /home/borges/Local Sites/handel/app/public/wp-content/themes/handel/header.php:8
Stack trace:
#0 /home/borges/Local Sites/handel/app/public/wp-includes/template.php(770): require_once()
#1 /home/borges/Local Sites/handel/app/public/wp-includes/template.php(716): load_template('/home/borges/Lo...', true, Array)
#2 /home/borges/Local Sites/handel/app/public/wp-includes/general-template.php(48): locate_template(Array, true, true, Array)
#3 /home/borges/Local Sites/handel/app/public/wp-content/themes/handel/index.php(1): get_header()
#4 /home/borges/Local Sites/handel/app/public/wp-includes/template-loader.php(106): include('/home/borges/Lo...')
#5 /home/borges/Local Sites/handel/app/public/wp-blog-header.php(19): require_once('/home/borges/Lo...')
#6 /home/borges/Local Sites/handel/app/public/index.php(17): require('/home/borges/Lo...')
#7 {main}
  thrown, em /home/borges/Local Sites/handel/app/public/wp-content/themes/handel/header.php, na linha 8

